Wed 11 Dec 2024 15:30:40 INFO  ['run.py']
Wed 11 Dec 2024 15:30:40 INFO  
General Hyper Parameters:
gpu_id = 0
use_gpu = True
seed = 2025
state = INFO
reproducibility = True
data_path = dataset/amazon-beauty
checkpoint_dir = saved
show_progress = True
save_dataset = False
dataset_save_path = None
save_dataloaders = False
dataloaders_save_path = None
log_wandb = False

Training Hyper Parameters:
epochs = 300
train_batch_size = 2048
learner = adam
learning_rate = 0.001
train_neg_sample_args = {'distribution': 'none', 'sample_num': 'none', 'alpha': 'none', 'dynamic': False, 'candidate_num': 0}
eval_step = 1
stopping_step = 10
clip_grad_norm = None
weight_decay = 0.0
loss_decimal_place = 4

Evaluation Hyper Parameters:
eval_args = {'split': {'LS': 'valid_and_test'}, 'order': 'TO', 'group_by': 'user', 'mode': {'valid': 'full', 'test': 'full'}}
repeatable = True
metrics = ['Hit', 'NDCG', 'MRR']
topk = [5, 10, 20]
valid_metric = NDCG@10
valid_metric_bigger = True
eval_batch_size = 4096
metric_decimal_place = 4

Dataset Hyper Parameters:
field_separator = 	
seq_separator =  
USER_ID_FIELD = user_id
ITEM_ID_FIELD = item_id
RATING_FIELD = rating
TIME_FIELD = timestamp
seq_len = None
LABEL_FIELD = label
threshold = None
NEG_PREFIX = neg_
load_col = {'inter': ['user_id', 'item_id', 'timestamp']}
unload_col = None
unused_col = None
additional_feat_suffix = None
rm_dup_inter = None
val_interval = None
filter_inter_by_user_or_item = True
user_inter_num_interval = [5,inf)
item_inter_num_interval = [5,inf)
alias_of_user_id = None
alias_of_item_id = None
alias_of_entity_id = None
alias_of_relation_id = None
preload_weight = None
normalize_field = None
normalize_all = None
ITEM_LIST_LENGTH_FIELD = item_length
LIST_SUFFIX = _list
MAX_ITEM_LIST_LENGTH = 50
POSITION_FIELD = position_id
HEAD_ENTITY_ID_FIELD = head_id
TAIL_ENTITY_ID_FIELD = tail_id
RELATION_ID_FIELD = relation_id
ENTITY_ID_FIELD = entity_id
benchmark_filename = None

Other Hyper Parameters: 
worker = 0
wandb_project = recbole
shuffle = True
require_pow = False
enable_amp = False
enable_scaler = False
transform = None
numerical_features = []
discretization = None
kg_reverse_r = False
entity_kg_num_interval = [0,inf)
relation_kg_num_interval = [0,inf)
MODEL_TYPE = ModelType.SEQUENTIAL
hidden_size = 64
num_layers = 2
dropout_prob = 0.4
loss_type = CE
d_state = 32
d_conv = 4
expand = 2
headdim = 16
chunk_size = 32
n_heads = 4
attn_dropout_prob = 0.4
train_from_scratch = False
MODEL_INPUT_TYPE = InputType.POINTWISE
eval_type = EvaluatorType.RANKING
single_spec = True
local_rank = 0
device = cuda
valid_neg_sample_args = {'distribution': 'uniform', 'sample_num': 'none'}
test_neg_sample_args = {'distribution': 'uniform', 'sample_num': 'none'}


Wed 11 Dec 2024 15:30:56 INFO  amazon-beauty
The number of users: 22364
Average actions of users: 8.876358270357287
The number of items: 12102
Average actions of items: 16.403768283612923
The number of inters: 198502
The sparsity of the dataset: 99.92665707018277%
Remain Fields: ['user_id', 'item_id', 'timestamp']
Wed 11 Dec 2024 15:30:58 INFO  [Training]: train_batch_size = [2048] train_neg_sample_args: [{'distribution': 'none', 'sample_num': 'none', 'alpha': 'none', 'dynamic': False, 'candidate_num': 0}]
Wed 11 Dec 2024 15:30:58 INFO  [Evaluation]: eval_batch_size = [4096] eval_args: [{'split': {'LS': 'valid_and_test'}, 'order': 'TO', 'group_by': 'user', 'mode': {'valid': 'full', 'test': 'full'}}]
Wed 11 Dec 2024 15:30:58 INFO  xxx4Rec(
  (item_embedding): Embedding(12102, 64, padding_idx=0)
  (LayerNorm): LayerNorm((64,), eps=1e-12, elementwise_affine=True)
  (dropout): Dropout(p=0.4, inplace=False)
  (layers): ModuleList(
    (0-1): 2 x Layer(
      (mamba): Mamba2(
        (in_proj): Linear(in_features=64, out_features=328, bias=False)
        (conv1d): Conv1d(192, 192, kernel_size=(4,), stride=(1,), padding=(3,), groups=192)
        (act): SiLU()
        (norm): RMSNorm()
        (out_proj): Linear(in_features=128, out_features=64, bias=False)
      )
      (dropout): Dropout(p=0.4, inplace=False)
      (LayerNorm): LayerNorm((64,), eps=1e-12, elementwise_affine=True)
      (filter): FilterLayer(
        (out_dropout): Dropout(p=0.4, inplace=False)
        (LayerNorm): LayerNorm((64,), eps=1e-12, elementwise_affine=True)
      )
      (ffn): FeedForward(
        (w_1): Linear(in_features=64, out_features=256, bias=True)
        (w_2): Linear(in_features=256, out_features=64, bias=True)
        (activation): GELU(approximate='none')
        (dropout): Dropout(p=0.4, inplace=False)
        (LayerNorm): LayerNorm((64,), eps=1e-12, elementwise_affine=True)
      )
    )
  )
  (loss_fct): CrossEntropyLoss()
)
Trainable parameters: 909104
Wed 11 Dec 2024 15:31:03 INFO  FLOPs: 5424064.0
Wed 11 Dec 2024 15:31:15 INFO  epoch 0 training [time: 11.78s, train loss: 596.0037]
Wed 11 Dec 2024 15:31:15 INFO  epoch 0 evaluating [time: 0.29s, valid_score: 0.005700]
Wed 11 Dec 2024 15:31:15 INFO  valid result: 
hit@5 : 0.0075    hit@10 : 0.0111    hit@20 : 0.0239    ndcg@5 : 0.0045    ndcg@10 : 0.0057    ndcg@20 : 0.0089    mrr@5 : 0.0036    mrr@10 : 0.004    mrr@20 : 0.0049
Wed 11 Dec 2024 15:31:15 INFO  Saving current: saved/xxx4Rec-Dec-11-2024_15-31-03.pth
Wed 11 Dec 2024 15:31:18 INFO  epoch 1 training [time: 2.97s, train loss: 565.5500]
Wed 11 Dec 2024 15:31:19 INFO  epoch 1 evaluating [time: 0.27s, valid_score: 0.011400]
Wed 11 Dec 2024 15:31:19 INFO  valid result: 
hit@5 : 0.0131    hit@10 : 0.0224    hit@20 : 0.035    ndcg@5 : 0.0084    ndcg@10 : 0.0114    ndcg@20 : 0.0145    mrr@5 : 0.0068    mrr@10 : 0.0081    mrr@20 : 0.0089
Wed 11 Dec 2024 15:31:19 INFO  Saving current: saved/xxx4Rec-Dec-11-2024_15-31-03.pth
Wed 11 Dec 2024 15:31:22 INFO  epoch 2 training [time: 3.06s, train loss: 543.7275]
Wed 11 Dec 2024 15:31:23 INFO  epoch 2 evaluating [time: 0.27s, valid_score: 0.018500]
Wed 11 Dec 2024 15:31:23 INFO  valid result: 
hit@5 : 0.0223    hit@10 : 0.0374    hit@20 : 0.0571    ndcg@5 : 0.0136    ndcg@10 : 0.0185    ndcg@20 : 0.0234    mrr@5 : 0.0108    mrr@10 : 0.0128    mrr@20 : 0.0141
Wed 11 Dec 2024 15:31:23 INFO  Saving current: saved/xxx4Rec-Dec-11-2024_15-31-03.pth
Wed 11 Dec 2024 15:31:26 INFO  epoch 3 training [time: 2.97s, train loss: 523.3181]
Wed 11 Dec 2024 15:31:26 INFO  epoch 3 evaluating [time: 0.27s, valid_score: 0.024300]
Wed 11 Dec 2024 15:31:26 INFO  valid result: 
hit@5 : 0.0292    hit@10 : 0.0467    hit@20 : 0.0713    ndcg@5 : 0.0187    ndcg@10 : 0.0243    ndcg@20 : 0.0305    mrr@5 : 0.0153    mrr@10 : 0.0176    mrr@20 : 0.0192
Wed 11 Dec 2024 15:31:26 INFO  Saving current: saved/xxx4Rec-Dec-11-2024_15-31-03.pth
Wed 11 Dec 2024 15:31:29 INFO  epoch 4 training [time: 2.97s, train loss: 506.8014]
Wed 11 Dec 2024 15:31:30 INFO  epoch 4 evaluating [time: 0.27s, valid_score: 0.029000]
Wed 11 Dec 2024 15:31:30 INFO  valid result: 
hit@5 : 0.0334    hit@10 : 0.0554    hit@20 : 0.084    ndcg@5 : 0.0219    ndcg@10 : 0.029    ndcg@20 : 0.0361    mrr@5 : 0.0181    mrr@10 : 0.021    mrr@20 : 0.023
Wed 11 Dec 2024 15:31:30 INFO  Saving current: saved/xxx4Rec-Dec-11-2024_15-31-03.pth
Wed 11 Dec 2024 15:31:33 INFO  epoch 5 training [time: 3.05s, train loss: 493.5083]
Wed 11 Dec 2024 15:31:33 INFO  epoch 5 evaluating [time: 0.27s, valid_score: 0.034600]
Wed 11 Dec 2024 15:31:33 INFO  valid result: 
hit@5 : 0.0419    hit@10 : 0.0652    hit@20 : 0.0957    ndcg@5 : 0.0271    ndcg@10 : 0.0346    ndcg@20 : 0.0422    mrr@5 : 0.0222    mrr@10 : 0.0253    mrr@20 : 0.0274
Wed 11 Dec 2024 15:31:33 INFO  Saving current: saved/xxx4Rec-Dec-11-2024_15-31-03.pth
Wed 11 Dec 2024 15:31:37 INFO  epoch 6 training [time: 3.07s, train loss: 482.3284]
Wed 11 Dec 2024 15:31:37 INFO  epoch 6 evaluating [time: 0.27s, valid_score: 0.037300]
Wed 11 Dec 2024 15:31:37 INFO  valid result: 
hit@5 : 0.045    hit@10 : 0.0695    hit@20 : 0.104    ndcg@5 : 0.0294    ndcg@10 : 0.0373    ndcg@20 : 0.046    mrr@5 : 0.0243    mrr@10 : 0.0276    mrr@20 : 0.03
Wed 11 Dec 2024 15:31:37 INFO  Saving current: saved/xxx4Rec-Dec-11-2024_15-31-03.pth
Wed 11 Dec 2024 15:31:40 INFO  epoch 7 training [time: 2.99s, train loss: 472.2483]
Wed 11 Dec 2024 15:31:40 INFO  epoch 7 evaluating [time: 0.27s, valid_score: 0.042000]
Wed 11 Dec 2024 15:31:40 INFO  valid result: 
hit@5 : 0.0508    hit@10 : 0.0754    hit@20 : 0.113    ndcg@5 : 0.0341    ndcg@10 : 0.042    ndcg@20 : 0.0515    mrr@5 : 0.0286    mrr@10 : 0.0319    mrr@20 : 0.0345
Wed 11 Dec 2024 15:31:40 INFO  Saving current: saved/xxx4Rec-Dec-11-2024_15-31-03.pth
Wed 11 Dec 2024 15:31:43 INFO  epoch 8 training [time: 3.05s, train loss: 463.4288]
Wed 11 Dec 2024 15:31:44 INFO  epoch 8 evaluating [time: 0.27s, valid_score: 0.045500]
Wed 11 Dec 2024 15:31:44 INFO  valid result: 
hit@5 : 0.0542    hit@10 : 0.081    hit@20 : 0.1167    ndcg@5 : 0.0369    ndcg@10 : 0.0455    ndcg@20 : 0.0545    mrr@5 : 0.0312    mrr@10 : 0.0347    mrr@20 : 0.0372
Wed 11 Dec 2024 15:31:44 INFO  Saving current: saved/xxx4Rec-Dec-11-2024_15-31-03.pth
Wed 11 Dec 2024 15:31:47 INFO  epoch 9 training [time: 3.04s, train loss: 454.8130]
Wed 11 Dec 2024 15:31:47 INFO  epoch 9 evaluating [time: 0.27s, valid_score: 0.048800]
Wed 11 Dec 2024 15:31:47 INFO  valid result: 
hit@5 : 0.0576    hit@10 : 0.0868    hit@20 : 0.1221    ndcg@5 : 0.0394    ndcg@10 : 0.0488    ndcg@20 : 0.0577    mrr@5 : 0.0334    mrr@10 : 0.0373    mrr@20 : 0.0397
Wed 11 Dec 2024 15:31:47 INFO  Saving current: saved/xxx4Rec-Dec-11-2024_15-31-03.pth
Wed 11 Dec 2024 15:31:50 INFO  epoch 10 training [time: 3.00s, train loss: 447.5105]
Wed 11 Dec 2024 15:31:51 INFO  epoch 10 evaluating [time: 0.27s, valid_score: 0.051200]
Wed 11 Dec 2024 15:31:51 INFO  valid result: 
hit@5 : 0.0604    hit@10 : 0.0904    hit@20 : 0.1274    ndcg@5 : 0.0415    ndcg@10 : 0.0512    ndcg@20 : 0.0605    mrr@5 : 0.0353    mrr@10 : 0.0393    mrr@20 : 0.0418
Wed 11 Dec 2024 15:31:51 INFO  Saving current: saved/xxx4Rec-Dec-11-2024_15-31-03.pth
Wed 11 Dec 2024 15:31:54 INFO  epoch 11 training [time: 3.03s, train loss: 440.1232]
Wed 11 Dec 2024 15:31:54 INFO  epoch 11 evaluating [time: 0.28s, valid_score: 0.053400]
Wed 11 Dec 2024 15:31:54 INFO  valid result: 
hit@5 : 0.0628    hit@10 : 0.0935    hit@20 : 0.1303    ndcg@5 : 0.0435    ndcg@10 : 0.0534    ndcg@20 : 0.0626    mrr@5 : 0.0371    mrr@10 : 0.0412    mrr@20 : 0.0437
Wed 11 Dec 2024 15:31:55 INFO  Saving current: saved/xxx4Rec-Dec-11-2024_15-31-03.pth
Wed 11 Dec 2024 15:31:58 INFO  epoch 12 training [time: 3.00s, train loss: 433.6274]
Wed 11 Dec 2024 15:31:58 INFO  epoch 12 evaluating [time: 0.27s, valid_score: 0.054400]
Wed 11 Dec 2024 15:31:58 INFO  valid result: 
hit@5 : 0.0653    hit@10 : 0.0948    hit@20 : 0.1338    ndcg@5 : 0.045    ndcg@10 : 0.0544    ndcg@20 : 0.0643    mrr@5 : 0.0383    mrr@10 : 0.0422    mrr@20 : 0.0449
Wed 11 Dec 2024 15:31:58 INFO  Saving current: saved/xxx4Rec-Dec-11-2024_15-31-03.pth
Wed 11 Dec 2024 15:32:01 INFO  epoch 13 training [time: 2.97s, train loss: 426.9931]
Wed 11 Dec 2024 15:32:01 INFO  epoch 13 evaluating [time: 0.27s, valid_score: 0.056400]
Wed 11 Dec 2024 15:32:01 INFO  valid result: 
hit@5 : 0.068    hit@10 : 0.0975    hit@20 : 0.1356    ndcg@5 : 0.047    ndcg@10 : 0.0564    ndcg@20 : 0.066    mrr@5 : 0.0401    mrr@10 : 0.0439    mrr@20 : 0.0465
Wed 11 Dec 2024 15:32:01 INFO  Saving current: saved/xxx4Rec-Dec-11-2024_15-31-03.pth
Wed 11 Dec 2024 15:32:04 INFO  epoch 14 training [time: 3.00s, train loss: 420.7733]
Wed 11 Dec 2024 15:32:05 INFO  epoch 14 evaluating [time: 0.27s, valid_score: 0.057800]
Wed 11 Dec 2024 15:32:05 INFO  valid result: 
hit@5 : 0.0698    hit@10 : 0.0982    hit@20 : 0.1384    ndcg@5 : 0.0487    ndcg@10 : 0.0578    ndcg@20 : 0.0679    mrr@5 : 0.0417    mrr@10 : 0.0455    mrr@20 : 0.0482
Wed 11 Dec 2024 15:32:05 INFO  Saving current: saved/xxx4Rec-Dec-11-2024_15-31-03.pth
Wed 11 Dec 2024 15:32:08 INFO  epoch 15 training [time: 3.00s, train loss: 415.1892]
Wed 11 Dec 2024 15:32:08 INFO  epoch 15 evaluating [time: 0.28s, valid_score: 0.058500]
Wed 11 Dec 2024 15:32:08 INFO  valid result: 
hit@5 : 0.0715    hit@10 : 0.0994    hit@20 : 0.1391    ndcg@5 : 0.0496    ndcg@10 : 0.0585    ndcg@20 : 0.0686    mrr@5 : 0.0424    mrr@10 : 0.0461    mrr@20 : 0.0488
Wed 11 Dec 2024 15:32:08 INFO  Saving current: saved/xxx4Rec-Dec-11-2024_15-31-03.pth
Wed 11 Dec 2024 15:32:11 INFO  epoch 16 training [time: 3.04s, train loss: 410.3193]
Wed 11 Dec 2024 15:32:12 INFO  epoch 16 evaluating [time: 0.27s, valid_score: 0.058800]
Wed 11 Dec 2024 15:32:12 INFO  valid result: 
hit@5 : 0.0712    hit@10 : 0.0994    hit@20 : 0.137    ndcg@5 : 0.0497    ndcg@10 : 0.0588    ndcg@20 : 0.0682    mrr@5 : 0.0427    mrr@10 : 0.0464    mrr@20 : 0.0489
Wed 11 Dec 2024 15:32:12 INFO  Saving current: saved/xxx4Rec-Dec-11-2024_15-31-03.pth
Wed 11 Dec 2024 15:32:15 INFO  epoch 17 training [time: 3.00s, train loss: 405.3345]
Wed 11 Dec 2024 15:32:15 INFO  epoch 17 evaluating [time: 0.27s, valid_score: 0.059500]
Wed 11 Dec 2024 15:32:15 INFO  valid result: 
hit@5 : 0.0722    hit@10 : 0.1003    hit@20 : 0.1385    ndcg@5 : 0.0505    ndcg@10 : 0.0595    ndcg@20 : 0.0691    mrr@5 : 0.0434    mrr@10 : 0.047    mrr@20 : 0.0497
Wed 11 Dec 2024 15:32:15 INFO  Saving current: saved/xxx4Rec-Dec-11-2024_15-31-03.pth
Wed 11 Dec 2024 15:32:18 INFO  epoch 18 training [time: 2.99s, train loss: 401.0074]
Wed 11 Dec 2024 15:32:19 INFO  epoch 18 evaluating [time: 0.27s, valid_score: 0.059800]
Wed 11 Dec 2024 15:32:19 INFO  valid result: 
hit@5 : 0.0718    hit@10 : 0.1005    hit@20 : 0.1393    ndcg@5 : 0.0506    ndcg@10 : 0.0598    ndcg@20 : 0.0696    mrr@5 : 0.0436    mrr@10 : 0.0474    mrr@20 : 0.0501
Wed 11 Dec 2024 15:32:19 INFO  Saving current: saved/xxx4Rec-Dec-11-2024_15-31-03.pth
Wed 11 Dec 2024 15:32:22 INFO  epoch 19 training [time: 3.00s, train loss: 396.5814]
Wed 11 Dec 2024 15:32:22 INFO  epoch 19 evaluating [time: 0.27s, valid_score: 0.059800]
Wed 11 Dec 2024 15:32:22 INFO  valid result: 
hit@5 : 0.0736    hit@10 : 0.1006    hit@20 : 0.1391    ndcg@5 : 0.0511    ndcg@10 : 0.0598    ndcg@20 : 0.0696    mrr@5 : 0.0437    mrr@10 : 0.0473    mrr@20 : 0.05
Wed 11 Dec 2024 15:32:22 INFO  Saving current: saved/xxx4Rec-Dec-11-2024_15-31-03.pth
Wed 11 Dec 2024 15:32:25 INFO  epoch 20 training [time: 3.07s, train loss: 392.2861]
Wed 11 Dec 2024 15:32:26 INFO  epoch 20 evaluating [time: 0.27s, valid_score: 0.060200]
Wed 11 Dec 2024 15:32:26 INFO  valid result: 
hit@5 : 0.0732    hit@10 : 0.1004    hit@20 : 0.139    ndcg@5 : 0.0515    ndcg@10 : 0.0602    ndcg@20 : 0.0699    mrr@5 : 0.0443    mrr@10 : 0.0479    mrr@20 : 0.0505
Wed 11 Dec 2024 15:32:26 INFO  Saving current: saved/xxx4Rec-Dec-11-2024_15-31-03.pth
Wed 11 Dec 2024 15:32:29 INFO  epoch 21 training [time: 3.01s, train loss: 388.8178]
Wed 11 Dec 2024 15:32:29 INFO  epoch 21 evaluating [time: 0.28s, valid_score: 0.060800]
Wed 11 Dec 2024 15:32:29 INFO  valid result: 
hit@5 : 0.0743    hit@10 : 0.1012    hit@20 : 0.1392    ndcg@5 : 0.0521    ndcg@10 : 0.0608    ndcg@20 : 0.0704    mrr@5 : 0.0448    mrr@10 : 0.0484    mrr@20 : 0.051
Wed 11 Dec 2024 15:32:29 INFO  Saving current: saved/xxx4Rec-Dec-11-2024_15-31-03.pth
Wed 11 Dec 2024 15:32:32 INFO  epoch 22 training [time: 3.00s, train loss: 385.4532]
Wed 11 Dec 2024 15:32:33 INFO  epoch 22 evaluating [time: 0.27s, valid_score: 0.061000]
Wed 11 Dec 2024 15:32:33 INFO  valid result: 
hit@5 : 0.0736    hit@10 : 0.1017    hit@20 : 0.1391    ndcg@5 : 0.0519    ndcg@10 : 0.061    ndcg@20 : 0.0703    mrr@5 : 0.0448    mrr@10 : 0.0485    mrr@20 : 0.051
Wed 11 Dec 2024 15:32:33 INFO  Saving current: saved/xxx4Rec-Dec-11-2024_15-31-03.pth
Wed 11 Dec 2024 15:32:36 INFO  epoch 23 training [time: 3.01s, train loss: 382.1433]
Wed 11 Dec 2024 15:32:36 INFO  epoch 23 evaluating [time: 0.27s, valid_score: 0.061000]
Wed 11 Dec 2024 15:32:36 INFO  valid result: 
hit@5 : 0.0746    hit@10 : 0.1012    hit@20 : 0.1377    ndcg@5 : 0.0524    ndcg@10 : 0.061    ndcg@20 : 0.0701    mrr@5 : 0.0451    mrr@10 : 0.0486    mrr@20 : 0.0511
Wed 11 Dec 2024 15:32:36 INFO  Saving current: saved/xxx4Rec-Dec-11-2024_15-31-03.pth
Wed 11 Dec 2024 15:32:39 INFO  epoch 24 training [time: 3.01s, train loss: 379.2202]
Wed 11 Dec 2024 15:32:40 INFO  epoch 24 evaluating [time: 0.27s, valid_score: 0.061100]
Wed 11 Dec 2024 15:32:40 INFO  valid result: 
hit@5 : 0.0741    hit@10 : 0.1012    hit@20 : 0.1376    ndcg@5 : 0.0524    ndcg@10 : 0.0611    ndcg@20 : 0.0702    mrr@5 : 0.0453    mrr@10 : 0.0488    mrr@20 : 0.0513
Wed 11 Dec 2024 15:32:40 INFO  Saving current: saved/xxx4Rec-Dec-11-2024_15-31-03.pth
Wed 11 Dec 2024 15:32:43 INFO  epoch 25 training [time: 3.01s, train loss: 376.6377]
Wed 11 Dec 2024 15:32:43 INFO  epoch 25 evaluating [time: 0.27s, valid_score: 0.060700]
Wed 11 Dec 2024 15:32:43 INFO  valid result: 
hit@5 : 0.0732    hit@10 : 0.1005    hit@20 : 0.137    ndcg@5 : 0.0519    ndcg@10 : 0.0607    ndcg@20 : 0.0699    mrr@5 : 0.0449    mrr@10 : 0.0485    mrr@20 : 0.051
Wed 11 Dec 2024 15:32:46 INFO  epoch 26 training [time: 2.99s, train loss: 373.8244]
Wed 11 Dec 2024 15:32:46 INFO  epoch 26 evaluating [time: 0.27s, valid_score: 0.061100]
Wed 11 Dec 2024 15:32:46 INFO  valid result: 
hit@5 : 0.0749    hit@10 : 0.1013    hit@20 : 0.1397    ndcg@5 : 0.0526    ndcg@10 : 0.0611    ndcg@20 : 0.0707    mrr@5 : 0.0452    mrr@10 : 0.0488    mrr@20 : 0.0514
Wed 11 Dec 2024 15:32:47 INFO  Saving current: saved/xxx4Rec-Dec-11-2024_15-31-03.pth
Wed 11 Dec 2024 15:32:50 INFO  epoch 27 training [time: 3.03s, train loss: 371.8402]
Wed 11 Dec 2024 15:32:50 INFO  epoch 27 evaluating [time: 0.27s, valid_score: 0.061600]
Wed 11 Dec 2024 15:32:50 INFO  valid result: 
hit@5 : 0.0748    hit@10 : 0.1015    hit@20 : 0.1366    ndcg@5 : 0.053    ndcg@10 : 0.0616    ndcg@20 : 0.0704    mrr@5 : 0.0458    mrr@10 : 0.0494    mrr@20 : 0.0517
Wed 11 Dec 2024 15:32:50 INFO  Saving current: saved/xxx4Rec-Dec-11-2024_15-31-03.pth
Wed 11 Dec 2024 15:32:53 INFO  epoch 28 training [time: 2.98s, train loss: 369.8275]
Wed 11 Dec 2024 15:32:53 INFO  epoch 28 evaluating [time: 0.27s, valid_score: 0.061600]
Wed 11 Dec 2024 15:32:53 INFO  valid result: 
hit@5 : 0.074    hit@10 : 0.1012    hit@20 : 0.1366    ndcg@5 : 0.0527    ndcg@10 : 0.0616    ndcg@20 : 0.0704    mrr@5 : 0.0458    mrr@10 : 0.0494    mrr@20 : 0.0518
Wed 11 Dec 2024 15:32:53 INFO  Saving current: saved/xxx4Rec-Dec-11-2024_15-31-03.pth
Wed 11 Dec 2024 15:32:56 INFO  epoch 29 training [time: 3.00s, train loss: 367.6570]
Wed 11 Dec 2024 15:32:57 INFO  epoch 29 evaluating [time: 0.27s, valid_score: 0.060900]
Wed 11 Dec 2024 15:32:57 INFO  valid result: 
hit@5 : 0.074    hit@10 : 0.0999    hit@20 : 0.1363    ndcg@5 : 0.0525    ndcg@10 : 0.0609    ndcg@20 : 0.0701    mrr@5 : 0.0455    mrr@10 : 0.049    mrr@20 : 0.0515
Wed 11 Dec 2024 15:33:00 INFO  epoch 30 training [time: 3.00s, train loss: 366.4057]
Wed 11 Dec 2024 15:33:00 INFO  epoch 30 evaluating [time: 0.27s, valid_score: 0.061000]
Wed 11 Dec 2024 15:33:00 INFO  valid result: 
hit@5 : 0.0735    hit@10 : 0.101    hit@20 : 0.1366    ndcg@5 : 0.0521    ndcg@10 : 0.061    ndcg@20 : 0.0699    mrr@5 : 0.0451    mrr@10 : 0.0487    mrr@20 : 0.0512
Wed 11 Dec 2024 15:33:03 INFO  epoch 31 training [time: 3.01s, train loss: 363.8856]
Wed 11 Dec 2024 15:33:03 INFO  epoch 31 evaluating [time: 0.27s, valid_score: 0.060600]
Wed 11 Dec 2024 15:33:03 INFO  valid result: 
hit@5 : 0.0735    hit@10 : 0.1    hit@20 : 0.1365    ndcg@5 : 0.052    ndcg@10 : 0.0606    ndcg@20 : 0.0698    mrr@5 : 0.045    mrr@10 : 0.0485    mrr@20 : 0.0511
Wed 11 Dec 2024 15:33:06 INFO  epoch 32 training [time: 3.00s, train loss: 363.0019]
Wed 11 Dec 2024 15:33:07 INFO  epoch 32 evaluating [time: 0.27s, valid_score: 0.060500]
Wed 11 Dec 2024 15:33:07 INFO  valid result: 
hit@5 : 0.0722    hit@10 : 0.0997    hit@20 : 0.1354    ndcg@5 : 0.0516    ndcg@10 : 0.0605    ndcg@20 : 0.0695    mrr@5 : 0.0448    mrr@10 : 0.0485    mrr@20 : 0.051
Wed 11 Dec 2024 15:33:10 INFO  epoch 33 training [time: 3.00s, train loss: 360.7525]
Wed 11 Dec 2024 15:33:10 INFO  epoch 33 evaluating [time: 0.27s, valid_score: 0.061100]
Wed 11 Dec 2024 15:33:10 INFO  valid result: 
hit@5 : 0.074    hit@10 : 0.1007    hit@20 : 0.1358    ndcg@5 : 0.0525    ndcg@10 : 0.0611    ndcg@20 : 0.0699    mrr@5 : 0.0454    mrr@10 : 0.0489    mrr@20 : 0.0513
Wed 11 Dec 2024 15:33:13 INFO  epoch 34 training [time: 2.99s, train loss: 359.8475]
Wed 11 Dec 2024 15:33:13 INFO  epoch 34 evaluating [time: 0.27s, valid_score: 0.060600]
Wed 11 Dec 2024 15:33:13 INFO  valid result: 
hit@5 : 0.0738    hit@10 : 0.1    hit@20 : 0.1356    ndcg@5 : 0.0522    ndcg@10 : 0.0606    ndcg@20 : 0.0695    mrr@5 : 0.0451    mrr@10 : 0.0485    mrr@20 : 0.0509
Wed 11 Dec 2024 15:33:16 INFO  epoch 35 training [time: 3.02s, train loss: 358.0159]
Wed 11 Dec 2024 15:33:16 INFO  epoch 35 evaluating [time: 0.28s, valid_score: 0.061000]
Wed 11 Dec 2024 15:33:16 INFO  valid result: 
hit@5 : 0.0739    hit@10 : 0.1006    hit@20 : 0.1355    ndcg@5 : 0.0524    ndcg@10 : 0.061    ndcg@20 : 0.0698    mrr@5 : 0.0454    mrr@10 : 0.0489    mrr@20 : 0.0513
Wed 11 Dec 2024 15:33:19 INFO  epoch 36 training [time: 3.02s, train loss: 356.7856]
Wed 11 Dec 2024 15:33:20 INFO  epoch 36 evaluating [time: 0.28s, valid_score: 0.061100]
Wed 11 Dec 2024 15:33:20 INFO  valid result: 
hit@5 : 0.0741    hit@10 : 0.1007    hit@20 : 0.1358    ndcg@5 : 0.0525    ndcg@10 : 0.0611    ndcg@20 : 0.0699    mrr@5 : 0.0454    mrr@10 : 0.049    mrr@20 : 0.0513
Wed 11 Dec 2024 15:33:23 INFO  epoch 37 training [time: 3.03s, train loss: 355.9378]
Wed 11 Dec 2024 15:33:23 INFO  epoch 37 evaluating [time: 0.28s, valid_score: 0.061100]
Wed 11 Dec 2024 15:33:23 INFO  valid result: 
hit@5 : 0.0728    hit@10 : 0.1004    hit@20 : 0.1354    ndcg@5 : 0.0522    ndcg@10 : 0.0611    ndcg@20 : 0.0699    mrr@5 : 0.0454    mrr@10 : 0.0491    mrr@20 : 0.0515
Wed 11 Dec 2024 15:33:26 INFO  epoch 38 training [time: 3.02s, train loss: 354.6847]
Wed 11 Dec 2024 15:33:26 INFO  epoch 38 evaluating [time: 0.27s, valid_score: 0.060500]
Wed 11 Dec 2024 15:33:26 INFO  valid result: 
hit@5 : 0.0735    hit@10 : 0.0998    hit@20 : 0.1356    ndcg@5 : 0.0521    ndcg@10 : 0.0605    ndcg@20 : 0.0695    mrr@5 : 0.0451    mrr@10 : 0.0485    mrr@20 : 0.051
Wed 11 Dec 2024 15:33:29 INFO  epoch 39 training [time: 3.06s, train loss: 353.6348]
Wed 11 Dec 2024 15:33:30 INFO  epoch 39 evaluating [time: 0.28s, valid_score: 0.060900]
Wed 11 Dec 2024 15:33:30 INFO  valid result: 
hit@5 : 0.0738    hit@10 : 0.1    hit@20 : 0.1357    ndcg@5 : 0.0525    ndcg@10 : 0.0609    ndcg@20 : 0.0699    mrr@5 : 0.0454    mrr@10 : 0.0489    mrr@20 : 0.0513
Wed 11 Dec 2024 15:33:30 INFO  Finished training, best eval result in epoch 28
Wed 11 Dec 2024 15:33:30 INFO  Loading model structure and parameters from saved/xxx4Rec-Dec-11-2024_15-31-03.pth
Wed 11 Dec 2024 15:33:31 INFO  The running environment of this training is as follows:
+-------------+-----------------+
| Environment |      Usage      |
+=============+=================+
| CPU         |     8.10 %      |
+-------------+-----------------+
| GPU         | 2.74 G/23.68 G  |
+-------------+-----------------+
| Memory      | 1.31 G/755.17 G |
+-------------+-----------------+
Wed 11 Dec 2024 15:33:31 INFO  best valid : OrderedDict([('hit@5', 0.074), ('hit@10', 0.1012), ('hit@20', 0.1366), ('ndcg@5', 0.0527), ('ndcg@10', 0.0616), ('ndcg@20', 0.0704), ('mrr@5', 0.0458), ('mrr@10', 0.0494), ('mrr@20', 0.0518)])
Wed 11 Dec 2024 15:33:31 INFO  test result: OrderedDict([('hit@5', 0.0596), ('hit@10', 0.0833), ('hit@20', 0.1126), ('ndcg@5', 0.0428), ('ndcg@10', 0.0505), ('ndcg@20', 0.0578), ('mrr@5', 0.0373), ('mrr@10', 0.0405), ('mrr@20', 0.0424)])
